{"/Users/joeldavey/www/wlogic/src/lib/parsePrice.ts": {"path":"/Users/joeldavey/www/wlogic/src/lib/parsePrice.ts","statementMap":{"0":{"start":{"line":1,"column":26},"end":{"line":9,"column":1}},"1":{"start":{"line":2,"column":16},"end":{"line":2,"column":36}},"2":{"start":{"line":3,"column":16},"end":{"line":3,"column":32}},"3":{"start":{"line":4,"column":2},"end":{"line":8,"column":null}},"4":{"start":{"line":5,"column":4},"end":{"line":5,"column":32}},"5":{"start":{"line":7,"column":4},"end":{"line":7,"column":13}},"6":{"start":{"line":1,"column":13},"end":{"line":1,"column":26}}},"fnMap":{"0":{"name":"(anonymous_0)","decl":{"start":{"line":1,"column":26},"end":{"line":1,"column":27}},"loc":{"start":{"line":1,"column":50},"end":{"line":9,"column":1}}}},"branchMap":{"0":{"loc":{"start":{"line":4,"column":2},"end":{"line":8,"column":null}},"type":"if","locations":[{"start":{"line":4,"column":2},"end":{"line":8,"column":null}},{"start":{"line":6,"column":9},"end":{"line":8,"column":null}}]}},"s":{"0":1,"1":2,"2":2,"3":2,"4":1,"5":1,"6":1},"f":{"0":2},"b":{"0":[1,1]}}
,"/Users/joeldavey/www/wlogic/src/product/crawl.ts": {"path":"/Users/joeldavey/www/wlogic/src/product/crawl.ts","statementMap":{"0":{"start":{"line":1,"column":0},"end":{"line":1,"column":33}},"1":{"start":{"line":4,"column":30},"end":{"line":19,"column":1}},"2":{"start":{"line":5,"column":19},"end":{"line":17,"column":4}},"3":{"start":{"line":18,"column":2},"end":{"line":18,"column":14}},"4":{"start":{"line":4,"column":13},"end":{"line":4,"column":30}}},"fnMap":{"0":{"name":"(anonymous_1)","decl":{"start":{"line":4,"column":30},"end":{"line":4,"column":35}},"loc":{"start":{"line":4,"column":74},"end":{"line":19,"column":1}}}},"branchMap":{},"s":{"0":1,"1":1,"2":1,"3":1,"4":1},"f":{"0":1},"b":{}}
}
